# JRE version: OpenJDK Runtime Environment Temurin-17.0.1+12 (17.0.1+12) (build 17.0.1+12)
# Java VM: OpenJDK 64-Bit Server VM Temurin-17.0.1+12 (17.0.1+12, mixed mode, tiered, compressed oops, compressed class ptrs, parallel gc, windows-amd64)
GC Precious Log:
 CPUs: 8 total, 8 available
 Memory: 8059M
 Large Page Support: Disabled
 NUMA Support: Disabled
 Compressed Oops: Enabled (32-bit)
 Alignments: Space 512K, Generation 512K, Heap 2M
 Heap Min Capacity: 100M
 Heap Initial Capacity: 100M
 Heap Max Capacity: 1G
 Pre-touch: Disabled
 Parallel Workers: 8
Heap:
 PSYoungGen      total 13312K, used 4930K [0x00000000eab00000, 0x00000000eb980000, 0x0000000100000000)
  eden space 11776K, 33% used [0x00000000eab00000,0x00000000eaee6238,0x00000000eb680000)
  from space 1536K, 61% used [0x00000000eb680000,0x00000000eb76a620,0x00000000eb800000)
  to   space 1536K, 0% used [0x00000000eb800000,0x00000000eb800000,0x00000000eb980000)
 ParOldGen       total 79872K, used 58631K [0x00000000c0000000, 0x00000000c4e00000, 0x00000000eab00000)
  object space 79872K, 73% used [0x00000000c0000000,0x00000000c3941e58,0x00000000c4e00000)
 Metaspace       used 64724K, committed 65856K, reserved 1114112K
  class space    used 7932K, committed 8448K, reserved 1048576K
GC Heap History (20 events):
Event: 10.505 GC heap before
{Heap before GC invocations=52 (full 3):
 PSYoungGen      total 16384K, used 16173K [0x00000000eab00000, 0x00000000ebd00000, 0x0000000100000000)
  eden space 14336K, 100% used [0x00000000eab00000,0x00000000eb900000,0x00000000eb900000)
  from space 2048K, 89% used [0x00000000ebb00000,0x00000000ebccb758,0x00000000ebd00000)
  to   space 2048K, 0% used [0x00000000eb900000,0x00000000eb900000,0x00000000ebb00000)
 ParOldGen       total 68608K, used 64214K [0x00000000c0000000, 0x00000000c4300000, 0x00000000eab00000)
  object space 68608K, 93% used [0x00000000c0000000,0x00000000c3eb59e0,0x00000000c4300000)
 Metaspace       used 62042K, committed 63104K, reserved 1105920K
  class space    used 7569K, committed 8064K, reserved 1048576K
}
Event: 10.506 GC heap after
{Heap after GC invocations=52 (full 3):
 PSYoungGen      total 16384K, used 1676K [0x00000000eab00000, 0x00000000ebd00000, 0x0000000100000000)
  eden space 14336K, 0% used [0x00000000eab00000,0x00000000eab00000,0x00000000eb900000)
  from space 2048K, 81% used [0x00000000eb900000,0x00000000ebaa3008,0x00000000ebb00000)
  to   space 2048K, 0% used [0x00000000ebb00000,0x00000000ebb00000,0x00000000ebd00000)
 ParOldGen       total 68608K, used 65832K [0x00000000c0000000, 0x00000000c4300000, 0x00000000eab00000)
  object space 68608K, 95% used [0x00000000c0000000,0x00000000c404a048,0x00000000c4300000)
 Metaspace       used 62042K, committed 63104K, reserved 1105920K
  class space    used 7569K, committed 8064K, reserved 1048576K
}
Event: 10.556 GC heap before
{Heap before GC invocations=53 (full 3):
 PSYoungGen      total 16384K, used 16012K [0x00000000eab00000, 0x00000000ebd00000, 0x0000000100000000)
  eden space 14336K, 100% used [0x00000000eab00000,0x00000000eb900000,0x00000000eb900000)
  from space 2048K, 81% used [0x00000000eb900000,0x00000000ebaa3008,0x00000000ebb00000)
  to   space 2048K, 0% used [0x00000000ebb00000,0x00000000ebb00000,0x00000000ebd00000)
 ParOldGen       total 68608K, used 65832K [0x00000000c0000000, 0x00000000c4300000, 0x00000000eab00000)
  object space 68608K, 95% used [0x00000000c0000000,0x00000000c404a048,0x00000000c4300000)
 Metaspace       used 62416K, committed 63488K, reserved 1105920K
  class space    used 7621K, committed 8128K, reserved 1048576K
}
Event: 10.559 GC heap after
{Heap after GC invocations=53 (full 3):
 PSYoungGen      total 13824K, used 2031K [0x00000000eab00000, 0x00000000ec200000, 0x0000000100000000)
  eden space 11776K, 0% used [0x00000000eab00000,0x00000000eab00000,0x00000000eb680000)
  from space 2048K, 99% used [0x00000000ebb00000,0x00000000ebcfbd88,0x00000000ebd00000)
  to   space 4608K, 0% used [0x00000000eb680000,0x00000000eb680000,0x00000000ebb00000)
 ParOldGen       total 68608K, used 67721K [0x00000000c0000000, 0x00000000c4300000, 0x00000000eab00000)
  object space 68608K, 98% used [0x00000000c0000000,0x00000000c4222658,0x00000000c4300000)
 Metaspace       used 62416K, committed 63488K, reserved 1105920K
  class space    used 7621K, committed 8128K, reserved 1048576K
}
Event: 10.559 GC heap before
{Heap before GC invocations=54 (full 4):
 PSYoungGen      total 13824K, used 2031K [0x00000000eab00000, 0x00000000ec200000, 0x0000000100000000)
  eden space 11776K, 0% used [0x00000000eab00000,0x00000000eab00000,0x00000000eb680000)
  from space 2048K, 99% used [0x00000000ebb00000,0x00000000ebcfbd88,0x00000000ebd00000)
  to   space 4608K, 0% used [0x00000000eb680000,0x00000000eb680000,0x00000000ebb00000)
 ParOldGen       total 68608K, used 67721K [0x00000000c0000000, 0x00000000c4300000, 0x00000000eab00000)
  object space 68608K, 98% used [0x00000000c0000000,0x00000000c4222658,0x00000000c4300000)
 Metaspace       used 62416K, committed 63488K, reserved 1105920K
  class space    used 7621K, committed 8128K, reserved 1048576K
}
Event: 10.606 GC heap after
{Heap after GC invocations=54 (full 4):
 PSYoungGen      total 16384K, used 0K [0x00000000eab00000, 0x00000000ebf80000, 0x0000000100000000)
  eden space 11776K, 0% used [0x00000000eab00000,0x00000000eab00000,0x00000000eb680000)
  from space 4608K, 0% used [0x00000000eb680000,0x00000000eb680000,0x00000000ebb00000)
  to   space 4608K, 0% used [0x00000000ebb00000,0x00000000ebb00000,0x00000000ebf80000)
 ParOldGen       total 79872K, used 52430K [0x00000000c0000000, 0x00000000c4e00000, 0x00000000eab00000)
  object space 79872K, 65% used [0x00000000c0000000,0x00000000c3333800,0x00000000c4e00000)
 Metaspace       used 62416K, committed 63488K, reserved 1105920K
  class space    used 7621K, committed 8128K, reserved 1048576K
}
Event: 10.722 GC heap before
{Heap before GC invocations=55 (full 4):
 PSYoungGen      total 16384K, used 11776K [0x00000000eab00000, 0x00000000ebf80000, 0x0000000100000000)
  eden space 11776K, 100% used [0x00000000eab00000,0x00000000eb680000,0x00000000eb680000)
  from space 4608K, 0% used [0x00000000eb680000,0x00000000eb680000,0x00000000ebb00000)
  to   space 4608K, 0% used [0x00000000ebb00000,0x00000000ebb00000,0x00000000ebf80000)
 ParOldGen       total 79872K, used 52430K [0x00000000c0000000, 0x00000000c4e00000, 0x00000000eab00000)
  object space 79872K, 65% used [0x00000000c0000000,0x00000000c3333800,0x00000000c4e00000)
 Metaspace       used 63701K, committed 64704K, reserved 1105920K
  class space    used 7792K, committed 8256K, reserved 1048576K
}
Event: 10.724 GC heap after
{Heap after GC invocations=55 (full 4):
 PSYoungGen      total 13824K, used 1821K [0x00000000eab00000, 0x00000000ebd00000, 0x0000000100000000)
  eden space 11776K, 0% used [0x00000000eab00000,0x00000000eab00000,0x00000000eb680000)
  from space 2048K, 88% used [0x00000000ebb00000,0x00000000ebcc7678,0x00000000ebd00000)
  to   space 3072K, 0% used [0x00000000eb700000,0x00000000eb700000,0x00000000eba00000)
 ParOldGen       total 79872K, used 52438K [0x00000000c0000000, 0x00000000c4e00000, 0x00000000eab00000)
  object space 79872K, 65% used [0x00000000c0000000,0x00000000c3335800,0x00000000c4e00000)
 Metaspace       used 63701K, committed 64704K, reserved 1105920K
  class space    used 7792K, committed 8256K, reserved 1048576K
}
Event: 10.762 GC heap before
{Heap before GC invocations=56 (full 4):
 PSYoungGen      total 13824K, used 13597K [0x00000000eab00000, 0x00000000ebd00000, 0x0000000100000000)
  eden space 11776K, 100% used [0x00000000eab00000,0x00000000eb680000,0x00000000eb680000)
  from space 2048K, 88% used [0x00000000ebb00000,0x00000000ebcc7678,0x00000000ebd00000)
  to   space 3072K, 0% used [0x00000000eb700000,0x00000000eb700000,0x00000000eba00000)
 ParOldGen       total 79872K, used 52438K [0x00000000c0000000, 0x00000000c4e00000, 0x00000000eab00000)
  object space 79872K, 65% used [0x00000000c0000000,0x00000000c3335800,0x00000000c4e00000)
 Metaspace       used 63930K, committed 64960K, reserved 1105920K
  class space    used 7821K, committed 8320K, reserved 1048576K
}
Event: 10.764 GC heap after
{Heap after GC invocations=56 (full 4):
 PSYoungGen      total 13312K, used 1334K [0x00000000eab00000, 0x00000000ebb80000, 0x0000000100000000)
  eden space 11776K, 0% used [0x00000000eab00000,0x00000000eab00000,0x00000000eb680000)
  from space 1536K, 86% used [0x00000000eb700000,0x00000000eb84d808,0x00000000eb880000)
  to   space 2048K, 0% used [0x00000000eb980000,0x00000000eb980000,0x00000000ebb80000)
 ParOldGen       total 79872K, used 53942K [0x00000000c0000000, 0x00000000c4e00000, 0x00000000eab00000)
  object space 79872K, 67% used [0x00000000c0000000,0x00000000c34ad840,0x00000000c4e00000)
 Metaspace       used 63930K, committed 64960K, reserved 1105920K
  class space    used 7821K, committed 8320K, reserved 1048576K
}
Event: 10.791 GC heap before
{Heap before GC invocations=57 (full 4):
 PSYoungGen      total 13312K, used 13110K [0x00000000eab00000, 0x00000000ebb80000, 0x0000000100000000)
  eden space 11776K, 100% used [0x00000000eab00000,0x00000000eb680000,0x00000000eb680000)
  from space 1536K, 86% used [0x00000000eb700000,0x00000000eb84d808,0x00000000eb880000)
  to   space 2048K, 0% used [0x00000000eb980000,0x00000000eb980000,0x00000000ebb80000)
 ParOldGen       total 79872K, used 53942K [0x00000000c0000000, 0x00000000c4e00000, 0x00000000eab00000)
  object space 79872K, 67% used [0x00000000c0000000,0x00000000c34ad840,0x00000000c4e00000)
 Metaspace       used 63994K, committed 65024K, reserved 1105920K
  class space    used 7830K, committed 8320K, reserved 1048576K
}
Event: 10.793 GC heap after
{Heap after GC invocations=57 (full 4):
 PSYoungGen      total 13312K, used 1516K [0x00000000eab00000, 0x00000000ebb00000, 0x0000000100000000)
  eden space 11776K, 0% used [0x00000000eab00000,0x00000000eab00000,0x00000000eb680000)
  from space 1536K, 98% used [0x00000000eb980000,0x00000000ebafb018,0x00000000ebb00000)
  to   space 2048K, 0% used [0x00000000eb700000,0x00000000eb700000,0x00000000eb900000)
 ParOldGen       total 79872K, used 55134K [0x00000000c0000000, 0x00000000c4e00000, 0x00000000eab00000)
  object space 79872K, 69% used [0x00000000c0000000,0x00000000c35d7840,0x00000000c4e00000)
 Metaspace       used 63994K, committed 65024K, reserved 1105920K
  class space    used 7830K, committed 8320K, reserved 1048576K
}
Event: 10.820 GC heap before
{Heap before GC invocations=58 (full 4):
 PSYoungGen      total 13312K, used 13292K [0x00000000eab00000, 0x00000000ebb00000, 0x0000000100000000)
  eden space 11776K, 100% used [0x00000000eab00000,0x00000000eb680000,0x00000000eb680000)
  from space 1536K, 98% used [0x00000000eb980000,0x00000000ebafb018,0x00000000ebb00000)
  to   space 2048K, 0% used [0x00000000eb700000,0x00000000eb700000,0x00000000eb900000)
 ParOldGen       total 79872K, used 55134K [0x00000000c0000000, 0x00000000c4e00000, 0x00000000eab00000)
  object space 79872K, 69% used [0x00000000c0000000,0x00000000c35d7840,0x00000000c4e00000)
 Metaspace       used 64026K, committed 65024K, reserved 1105920K
  class space    used 7843K, committed 8320K, reserved 1048576K
}
Event: 10.821 GC heap after
{Heap after GC invocations=58 (full 4):
 PSYoungGen      total 13312K, used 1248K [0x00000000eab00000, 0x00000000eba00000, 0x0000000100000000)
  eden space 11776K, 0% used [0x00000000eab00000,0x00000000eab00000,0x00000000eb680000)
  from space 1536K, 81% used [0x00000000eb700000,0x00000000eb838000,0x00000000eb880000)
  to   space 1536K, 0% used [0x00000000eb880000,0x00000000eb880000,0x00000000eba00000)
 ParOldGen       total 79872K, used 56442K [0x00000000c0000000, 0x00000000c4e00000, 0x00000000eab00000)
  object space 79872K, 70% used [0x00000000c0000000,0x00000000c371e848,0x00000000c4e00000)
 Metaspace       used 64026K, committed 65024K, reserved 1105920K
  class space    used 7843K, committed 8320K, reserved 1048576K
}
Event: 10.888 GC heap before
{Heap before GC invocations=59 (full 4):
 PSYoungGen      total 13312K, used 13024K [0x00000000eab00000, 0x00000000eba00000, 0x0000000100000000)
  eden space 11776K, 100% used [0x00000000eab00000,0x00000000eb680000,0x00000000eb680000)
  from space 1536K, 81% used [0x00000000eb700000,0x00000000eb838000,0x00000000eb880000)
  to   space 1536K, 0% used [0x00000000eb880000,0x00000000eb880000,0x00000000eba00000)
 ParOldGen       total 79872K, used 56442K [0x00000000c0000000, 0x00000000c4e00000, 0x00000000eab00000)
  object space 79872K, 70% used [0x00000000c0000000,0x00000000c371e848,0x00000000c4e00000)
 Metaspace       used 64116K, committed 65152K, reserved 1105920K
  class space    used 7869K, committed 8384K, reserved 1048576K
}
Event: 10.888 GC heap after
{Heap after GC invocations=59 (full 4):
 PSYoungGen      total 12800K, used 608K [0x00000000eab00000, 0x00000000eb980000, 0x0000000100000000)
  eden space 11776K, 0% used [0x00000000eab00000,0x00000000eab00000,0x00000000eb680000)
  from space 1024K, 59% used [0x00000000eb880000,0x00000000eb918000,0x00000000eb980000)
  to   space 1024K, 0% used [0x00000000eb780000,0x00000000eb780000,0x00000000eb880000)
 ParOldGen       total 79872K, used 57583K [0x00000000c0000000, 0x00000000c4e00000, 0x00000000eab00000)
  object space 79872K, 72% used [0x00000000c0000000,0x00000000c383be58,0x00000000c4e00000)
 Metaspace       used 64116K, committed 65152K, reserved 1105920K
  class space    used 7869K, committed 8384K, reserved 1048576K
}
Event: 11.015 GC heap before
{Heap before GC invocations=60 (full 4):
 PSYoungGen      total 12800K, used 12373K [0x00000000eab00000, 0x00000000eb980000, 0x0000000100000000)
  eden space 11776K, 99% used [0x00000000eab00000,0x00000000eb67d668,0x00000000eb680000)
  from space 1024K, 59% used [0x00000000eb880000,0x00000000eb918000,0x00000000eb980000)
  to   space 1024K, 0% used [0x00000000eb780000,0x00000000eb780000,0x00000000eb880000)
 ParOldGen       total 79872K, used 57583K [0x00000000c0000000, 0x00000000c4e00000, 0x00000000eab00000)
  object space 79872K, 72% used [0x00000000c0000000,0x00000000c383be58,0x00000000c4e00000)
 Metaspace       used 64355K, committed 65472K, reserved 1114112K
  class space    used 7892K, committed 8384K, reserved 1048576K
}
Event: 11.017 GC heap after
{Heap after GC invocations=60 (full 4):
 PSYoungGen      total 12800K, used 987K [0x00000000eab00000, 0x00000000eb980000, 0x0000000100000000)
  eden space 11776K, 0% used [0x00000000eab00000,0x00000000eab00000,0x00000000eb680000)
  from space 1024K, 96% used [0x00000000eb780000,0x00000000eb876c08,0x00000000eb880000)
  to   space 1024K, 0% used [0x00000000eb880000,0x00000000eb880000,0x00000000eb980000)
 ParOldGen       total 79872K, used 58063K [0x00000000c0000000, 0x00000000c4e00000, 0x00000000eab00000)
  object space 79872K, 72% used [0x00000000c0000000,0x00000000c38b3e58,0x00000000c4e00000)
 Metaspace       used 64355K, committed 65472K, reserved 1114112K
  class space    used 7892K, committed 8384K, reserved 1048576K
}
Event: 11.074 GC heap before
{Heap before GC invocations=61 (full 4):
 PSYoungGen      total 12800K, used 12763K [0x00000000eab00000, 0x00000000eb980000, 0x0000000100000000)
  eden space 11776K, 100% used [0x00000000eab00000,0x00000000eb680000,0x00000000eb680000)
  from space 1024K, 96% used [0x00000000eb780000,0x00000000eb876c08,0x00000000eb880000)
  to   space 1024K, 0% used [0x00000000eb880000,0x00000000eb880000,0x00000000eb980000)
 ParOldGen       total 79872K, used 58063K [0x00000000c0000000, 0x00000000c4e00000, 0x00000000eab00000)
  object space 79872K, 72% used [0x00000000c0000000,0x00000000c38b3e58,0x00000000c4e00000)
 Metaspace       used 64541K, committed 65600K, reserved 1114112K
  class space    used 7908K, committed 8384K, reserved 1048576K
}
Event: 11.076 GC heap after
{Heap after GC invocations=61 (full 4):
 PSYoungGen      total 12800K, used 1014K [0x00000000eab00000, 0x00000000eb980000, 0x0000000100000000)
  eden space 11776K, 0% used [0x00000000eab00000,0x00000000eab00000,0x00000000eb680000)
  from space 1024K, 99% used [0x00000000eb880000,0x00000000eb97db70,0x00000000eb980000)
  to   space 1536K, 0% used [0x00000000eb680000,0x00000000eb680000,0x00000000eb800000)
 ParOldGen       total 79872K, used 58431K [0x00000000c0000000, 0x00000000c4e00000, 0x00000000eab00000)
  object space 79872K, 73% used [0x00000000c0000000,0x00000000c390fe58,0x00000000c4e00000)
 Metaspace       used 64541K, committed 65600K, reserved 1114112K
  class space    used 7908K, committed 8384K, reserved 1048576K
}

