# JRE version: OpenJDK Runtime Environment Temurin-17.0.1+12 (17.0.1+12) (build 17.0.1+12)
# Java VM: OpenJDK 64-Bit Server VM Temurin-17.0.1+12 (17.0.1+12, mixed mode, tiered, compressed oops, compressed class ptrs, parallel gc, windows-amd64)
GC Precious Log:
 CPUs: 8 total, 8 available
 Memory: 8059M
 Large Page Support: Disabled
 NUMA Support: Disabled
 Compressed Oops: Enabled (32-bit)
 Alignments: Space 512K, Generation 512K, Heap 2M
 Heap Min Capacity: 100M
 Heap Initial Capacity: 100M
 Heap Max Capacity: 1G
 Pre-touch: Disabled
 Parallel Workers: 8
Heap:
 PSYoungGen      total 19968K, used 6192K [0x00000000eab00000, 0x00000000ec180000, 0x0000000100000000)
  eden space 19456K, 30% used [0x00000000eab00000,0x00000000eb0dc130,0x00000000ebe00000)
  from space 512K, 37% used [0x00000000ebe00000,0x00000000ebe30000,0x00000000ebe80000)
  to   space 1536K, 0% used [0x00000000ec000000,0x00000000ec000000,0x00000000ec180000)
 ParOldGen       total 68608K, used 26154K [0x00000000c0000000, 0x00000000c4300000, 0x00000000eab00000)
  object space 68608K, 38% used [0x00000000c0000000,0x00000000c198a950,0x00000000c4300000)
 Metaspace       used 41809K, committed 42432K, reserved 1089536K
  class space    used 4241K, committed 4480K, reserved 1048576K
GC Heap History (20 events):
Event: 3.109 GC heap before
{Heap before GC invocations=10 (full 1):
 PSYoungGen      total 25600K, used 25579K [0x00000000eab00000, 0x00000000ecb00000, 0x0000000100000000)
  eden space 23040K, 100% used [0x00000000eab00000,0x00000000ec180000,0x00000000ec180000)
  from space 2560K, 99% used [0x00000000ec600000,0x00000000ec87aea8,0x00000000ec880000)
  to   space 4608K, 0% used [0x00000000ec180000,0x00000000ec180000,0x00000000ec600000)
 ParOldGen       total 68608K, used 9234K [0x00000000c0000000, 0x00000000c4300000, 0x00000000eab00000)
  object space 68608K, 13% used [0x00000000c0000000,0x00000000c0904b80,0x00000000c4300000)
 Metaspace       used 33468K, committed 34112K, reserved 1081344K
  class space    used 3381K, committed 3648K, reserved 1048576K
}
Event: 3.113 GC heap after
{Heap after GC invocations=10 (full 1):
 PSYoungGen      total 26624K, used 3841K [0x00000000eab00000, 0x00000000ec900000, 0x0000000100000000)
  eden space 22528K, 0% used [0x00000000eab00000,0x00000000eab00000,0x00000000ec100000)
  from space 4096K, 93% used [0x00000000ec180000,0x00000000ec5406a0,0x00000000ec580000)
  to   space 3584K, 0% used [0x00000000ec580000,0x00000000ec580000,0x00000000ec900000)
 ParOldGen       total 68608K, used 10118K [0x00000000c0000000, 0x00000000c4300000, 0x00000000eab00000)
  object space 68608K, 14% used [0x00000000c0000000,0x00000000c09e1bc0,0x00000000c4300000)
 Metaspace       used 33468K, committed 34112K, reserved 1081344K
  class space    used 3381K, committed 3648K, reserved 1048576K
}
Event: 3.163 GC heap before
{Heap before GC invocations=11 (full 1):
 PSYoungGen      total 26624K, used 26369K [0x00000000eab00000, 0x00000000ec900000, 0x0000000100000000)
  eden space 22528K, 100% used [0x00000000eab00000,0x00000000ec100000,0x00000000ec100000)
  from space 4096K, 93% used [0x00000000ec180000,0x00000000ec5406a0,0x00000000ec580000)
  to   space 3584K, 0% used [0x00000000ec580000,0x00000000ec580000,0x00000000ec900000)
 ParOldGen       total 68608K, used 10118K [0x00000000c0000000, 0x00000000c4300000, 0x00000000eab00000)
  object space 68608K, 14% used [0x00000000c0000000,0x00000000c09e1bc0,0x00000000c4300000)
 Metaspace       used 33557K, committed 34176K, reserved 1081344K
  class space    used 3385K, committed 3648K, reserved 1048576K
}
Event: 3.167 GC heap after
{Heap after GC invocations=11 (full 1):
 PSYoungGen      total 24576K, used 3570K [0x00000000eab00000, 0x00000000ecc80000, 0x0000000100000000)
  eden space 20992K, 0% used [0x00000000eab00000,0x00000000eab00000,0x00000000ebf80000)
  from space 3584K, 99% used [0x00000000ec580000,0x00000000ec8fcb28,0x00000000ec900000)
  to   space 6144K, 0% used [0x00000000ebf80000,0x00000000ebf80000,0x00000000ec580000)
 ParOldGen       total 68608K, used 12328K [0x00000000c0000000, 0x00000000c4300000, 0x00000000eab00000)
  object space 68608K, 17% used [0x00000000c0000000,0x00000000c0c0a1d0,0x00000000c4300000)
 Metaspace       used 33557K, committed 34176K, reserved 1081344K
  class space    used 3385K, committed 3648K, reserved 1048576K
}
Event: 3.207 GC heap before
{Heap before GC invocations=12 (full 1):
 PSYoungGen      total 24576K, used 24562K [0x00000000eab00000, 0x00000000ecc80000, 0x0000000100000000)
  eden space 20992K, 100% used [0x00000000eab00000,0x00000000ebf80000,0x00000000ebf80000)
  from space 3584K, 99% used [0x00000000ec580000,0x00000000ec8fcb28,0x00000000ec900000)
  to   space 6144K, 0% used [0x00000000ebf80000,0x00000000ebf80000,0x00000000ec580000)
 ParOldGen       total 68608K, used 12328K [0x00000000c0000000, 0x00000000c4300000, 0x00000000eab00000)
  object space 68608K, 17% used [0x00000000c0000000,0x00000000c0c0a1d0,0x00000000c4300000)
 Metaspace       used 33604K, committed 34240K, reserved 1081344K
  class space    used 3397K, committed 3648K, reserved 1048576K
}
Event: 3.211 GC heap after
{Heap after GC invocations=12 (full 1):
 PSYoungGen      total 24064K, used 2560K [0x00000000eab00000, 0x00000000ec780000, 0x0000000100000000)
  eden space 20992K, 0% used [0x00000000eab00000,0x00000000eab00000,0x00000000ebf80000)
  from space 3072K, 83% used [0x00000000ebf80000,0x00000000ec200010,0x00000000ec280000)
  to   space 4096K, 0% used [0x00000000ec380000,0x00000000ec380000,0x00000000ec780000)
 ParOldGen       total 68608K, used 15936K [0x00000000c0000000, 0x00000000c4300000, 0x00000000eab00000)
  object space 68608K, 23% used [0x00000000c0000000,0x00000000c0f90050,0x00000000c4300000)
 Metaspace       used 33604K, committed 34240K, reserved 1081344K
  class space    used 3397K, committed 3648K, reserved 1048576K
}
Event: 3.243 GC heap before
{Heap before GC invocations=13 (full 1):
 PSYoungGen      total 24064K, used 23552K [0x00000000eab00000, 0x00000000ec780000, 0x0000000100000000)
  eden space 20992K, 100% used [0x00000000eab00000,0x00000000ebf80000,0x00000000ebf80000)
  from space 3072K, 83% used [0x00000000ebf80000,0x00000000ec200010,0x00000000ec280000)
  to   space 4096K, 0% used [0x00000000ec380000,0x00000000ec380000,0x00000000ec780000)
 ParOldGen       total 68608K, used 15936K [0x00000000c0000000, 0x00000000c4300000, 0x00000000eab00000)
  object space 68608K, 23% used [0x00000000c0000000,0x00000000c0f90050,0x00000000c4300000)
 Metaspace       used 33610K, committed 34240K, reserved 1081344K
  class space    used 3397K, committed 3648K, reserved 1048576K
}
Event: 3.247 GC heap after
{Heap after GC invocations=13 (full 1):
 PSYoungGen      total 23552K, used 2528K [0x00000000eab00000, 0x00000000ec600000, 0x0000000100000000)
  eden space 20992K, 0% used [0x00000000eab00000,0x00000000eab00000,0x00000000ebf80000)
  from space 2560K, 98% used [0x00000000ec380000,0x00000000ec5f8010,0x00000000ec600000)
  to   space 3072K, 0% used [0x00000000ec000000,0x00000000ec000000,0x00000000ec300000)
 ParOldGen       total 68608K, used 18427K [0x00000000c0000000, 0x00000000c4300000, 0x00000000eab00000)
  object space 68608K, 26% used [0x00000000c0000000,0x00000000c11fedb0,0x00000000c4300000)
 Metaspace       used 33610K, committed 34240K, reserved 1081344K
  class space    used 3397K, committed 3648K, reserved 1048576K
}
Event: 3.284 GC heap before
{Heap before GC invocations=14 (full 1):
 PSYoungGen      total 23552K, used 23520K [0x00000000eab00000, 0x00000000ec600000, 0x0000000100000000)
  eden space 20992K, 100% used [0x00000000eab00000,0x00000000ebf80000,0x00000000ebf80000)
  from space 2560K, 98% used [0x00000000ec380000,0x00000000ec5f8010,0x00000000ec600000)
  to   space 3072K, 0% used [0x00000000ec000000,0x00000000ec000000,0x00000000ec300000)
 ParOldGen       total 68608K, used 18427K [0x00000000c0000000, 0x00000000c4300000, 0x00000000eab00000)
  object space 68608K, 26% used [0x00000000c0000000,0x00000000c11fedb0,0x00000000c4300000)
 Metaspace       used 33610K, committed 34240K, reserved 1081344K
  class space    used 3397K, committed 3648K, reserved 1048576K
}
Event: 3.288 GC heap after
{Heap after GC invocations=14 (full 1):
 PSYoungGen      total 23040K, used 2016K [0x00000000eab00000, 0x00000000ec480000, 0x0000000100000000)
  eden space 20992K, 0% used [0x00000000eab00000,0x00000000eab00000,0x00000000ebf80000)
  from space 2048K, 98% used [0x00000000ec000000,0x00000000ec1f8000,0x00000000ec200000)
  to   space 2560K, 0% used [0x00000000ec200000,0x00000000ec200000,0x00000000ec480000)
 ParOldGen       total 68608K, used 20841K [0x00000000c0000000, 0x00000000c4300000, 0x00000000eab00000)
  object space 68608K, 30% used [0x00000000c0000000,0x00000000c145a640,0x00000000c4300000)
 Metaspace       used 33610K, committed 34240K, reserved 1081344K
  class space    used 3397K, committed 3648K, reserved 1048576K
}
Event: 3.404 GC heap before
{Heap before GC invocations=15 (full 1):
 PSYoungGen      total 23040K, used 17566K [0x00000000eab00000, 0x00000000ec480000, 0x0000000100000000)
  eden space 20992K, 74% used [0x00000000eab00000,0x00000000eba2f898,0x00000000ebf80000)
  from space 2048K, 98% used [0x00000000ec000000,0x00000000ec1f8000,0x00000000ec200000)
  to   space 2560K, 0% used [0x00000000ec200000,0x00000000ec200000,0x00000000ec480000)
 ParOldGen       total 68608K, used 20841K [0x00000000c0000000, 0x00000000c4300000, 0x00000000eab00000)
  object space 68608K, 30% used [0x00000000c0000000,0x00000000c145a640,0x00000000c4300000)
 Metaspace       used 35323K, committed 35840K, reserved 1081344K
  class space    used 3598K, committed 3840K, reserved 1048576K
}
Event: 3.407 GC heap after
{Heap after GC invocations=15 (full 1):
 PSYoungGen      total 23040K, used 1988K [0x00000000eab00000, 0x00000000ec400000, 0x0000000100000000)
  eden space 20992K, 0% used [0x00000000eab00000,0x00000000eab00000,0x00000000ebf80000)
  from space 2048K, 97% used [0x00000000ec200000,0x00000000ec3f13d0,0x00000000ec400000)
  to   space 2048K, 0% used [0x00000000ec000000,0x00000000ec000000,0x00000000ec200000)
 ParOldGen       total 68608K, used 22798K [0x00000000c0000000, 0x00000000c4300000, 0x00000000eab00000)
  object space 68608K, 33% used [0x00000000c0000000,0x00000000c1643998,0x00000000c4300000)
 Metaspace       used 35323K, committed 35840K, reserved 1081344K
  class space    used 3598K, committed 3840K, reserved 1048576K
}
Event: 3.407 GC heap before
{Heap before GC invocations=16 (full 2):
 PSYoungGen      total 23040K, used 1988K [0x00000000eab00000, 0x00000000ec400000, 0x0000000100000000)
  eden space 20992K, 0% used [0x00000000eab00000,0x00000000eab00000,0x00000000ebf80000)
  from space 2048K, 97% used [0x00000000ec200000,0x00000000ec3f13d0,0x00000000ec400000)
  to   space 2048K, 0% used [0x00000000ec000000,0x00000000ec000000,0x00000000ec200000)
 ParOldGen       total 68608K, used 22798K [0x00000000c0000000, 0x00000000c4300000, 0x00000000eab00000)
  object space 68608K, 33% used [0x00000000c0000000,0x00000000c1643998,0x00000000c4300000)
 Metaspace       used 35323K, committed 35840K, reserved 1081344K
  class space    used 3598K, committed 3840K, reserved 1048576K
}
Event: 3.436 GC heap after
{Heap after GC invocations=16 (full 2):
 PSYoungGen      total 23040K, used 0K [0x00000000eab00000, 0x00000000ec400000, 0x0000000100000000)
  eden space 20992K, 0% used [0x00000000eab00000,0x00000000eab00000,0x00000000ebf80000)
  from space 2048K, 0% used [0x00000000ec200000,0x00000000ec200000,0x00000000ec400000)
  to   space 2048K, 0% used [0x00000000ec000000,0x00000000ec000000,0x00000000ec200000)
 ParOldGen       total 68608K, used 23993K [0x00000000c0000000, 0x00000000c4300000, 0x00000000eab00000)
  object space 68608K, 34% used [0x00000000c0000000,0x00000000c176e750,0x00000000c4300000)
 Metaspace       used 35323K, committed 35840K, reserved 1081344K
  class space    used 3598K, committed 3840K, reserved 1048576K
}
Event: 3.750 GC heap before
{Heap before GC invocations=17 (full 2):
 PSYoungGen      total 23040K, used 20991K [0x00000000eab00000, 0x00000000ec400000, 0x0000000100000000)
  eden space 20992K, 99% used [0x00000000eab00000,0x00000000ebf7fd78,0x00000000ebf80000)
  from space 2048K, 0% used [0x00000000ec200000,0x00000000ec200000,0x00000000ec400000)
  to   space 2048K, 0% used [0x00000000ec000000,0x00000000ec000000,0x00000000ec200000)
 ParOldGen       total 68608K, used 23993K [0x00000000c0000000, 0x00000000c4300000, 0x00000000eab00000)
  object space 68608K, 34% used [0x00000000c0000000,0x00000000c176e750,0x00000000c4300000)
 Metaspace       used 36557K, committed 37120K, reserved 1089536K
  class space    used 3770K, committed 4032K, reserved 1048576K
}
Event: 3.750 GC heap after
{Heap after GC invocations=17 (full 2):
 PSYoungGen      total 22016K, used 603K [0x00000000eab00000, 0x00000000ec280000, 0x0000000100000000)
  eden space 20992K, 0% used [0x00000000eab00000,0x00000000eab00000,0x00000000ebf80000)
  from space 1024K, 58% used [0x00000000ec000000,0x00000000ec096d00,0x00000000ec100000)
  to   space 1536K, 0% used [0x00000000ec100000,0x00000000ec100000,0x00000000ec280000)
 ParOldGen       total 68608K, used 24001K [0x00000000c0000000, 0x00000000c4300000, 0x00000000eab00000)
  object space 68608K, 34% used [0x00000000c0000000,0x00000000c1770750,0x00000000c4300000)
 Metaspace       used 36557K, committed 37120K, reserved 1089536K
  class space    used 3770K, committed 4032K, reserved 1048576K
}
Event: 4.399 GC heap before
{Heap before GC invocations=18 (full 2):
 PSYoungGen      total 22016K, used 21595K [0x00000000eab00000, 0x00000000ec280000, 0x0000000100000000)
  eden space 20992K, 100% used [0x00000000eab00000,0x00000000ebf80000,0x00000000ebf80000)
  from space 1024K, 58% used [0x00000000ec000000,0x00000000ec096d00,0x00000000ec100000)
  to   space 1536K, 0% used [0x00000000ec100000,0x00000000ec100000,0x00000000ec280000)
 ParOldGen       total 68608K, used 24001K [0x00000000c0000000, 0x00000000c4300000, 0x00000000eab00000)
  object space 68608K, 34% used [0x00000000c0000000,0x00000000c1770750,0x00000000c4300000)
 Metaspace       used 40196K, committed 40832K, reserved 1089536K
  class space    used 4088K, committed 4352K, reserved 1048576K
}
Event: 4.400 GC heap after
{Heap after GC invocations=18 (full 2):
 PSYoungGen      total 20992K, used 1530K [0x00000000eab00000, 0x00000000ec580000, 0x0000000100000000)
  eden space 19456K, 0% used [0x00000000eab00000,0x00000000eab00000,0x00000000ebe00000)
  from space 1536K, 99% used [0x00000000ec100000,0x00000000ec27e918,0x00000000ec280000)
  to   space 3072K, 0% used [0x00000000ebe00000,0x00000000ebe00000,0x00000000ec100000)
 ParOldGen       total 68608K, used 25126K [0x00000000c0000000, 0x00000000c4300000, 0x00000000eab00000)
  object space 68608K, 36% used [0x00000000c0000000,0x00000000c1889900,0x00000000c4300000)
 Metaspace       used 40196K, committed 40832K, reserved 1089536K
  class space    used 4088K, committed 4352K, reserved 1048576K
}
Event: 4.447 GC heap before
{Heap before GC invocations=19 (full 2):
 PSYoungGen      total 20992K, used 20986K [0x00000000eab00000, 0x00000000ec580000, 0x0000000100000000)
  eden space 19456K, 100% used [0x00000000eab00000,0x00000000ebe00000,0x00000000ebe00000)
  from space 1536K, 99% used [0x00000000ec100000,0x00000000ec27e918,0x00000000ec280000)
  to   space 3072K, 0% used [0x00000000ebe00000,0x00000000ebe00000,0x00000000ec100000)
 ParOldGen       total 68608K, used 25126K [0x00000000c0000000, 0x00000000c4300000, 0x00000000eab00000)
  object space 68608K, 36% used [0x00000000c0000000,0x00000000c1889900,0x00000000c4300000)
 Metaspace       used 40415K, committed 41088K, reserved 1089536K
  class space    used 4095K, committed 4352K, reserved 1048576K
}
Event: 4.447 GC heap after
{Heap after GC invocations=19 (full 2):
 PSYoungGen      total 19968K, used 192K [0x00000000eab00000, 0x00000000ec180000, 0x0000000100000000)
  eden space 19456K, 0% used [0x00000000eab00000,0x00000000eab00000,0x00000000ebe00000)
  from space 512K, 37% used [0x00000000ebe00000,0x00000000ebe30000,0x00000000ebe80000)
  to   space 1536K, 0% used [0x00000000ec000000,0x00000000ec000000,0x00000000ec180000)
 ParOldGen       total 68608K, used 26154K [0x00000000c0000000, 0x00000000c4300000, 0x00000000eab00000)
  object space 68608K, 38% used [0x00000000c0000000,0x00000000c198a950,0x00000000c4300000)
 Metaspace       used 40415K, committed 41088K, reserved 1089536K
  class space    used 4095K, committed 4352K, reserved 1048576K
}

