# JRE version: OpenJDK Runtime Environment Temurin-17.0.1+12 (17.0.1+12) (build 17.0.1+12)
# Java VM: OpenJDK 64-Bit Server VM Temurin-17.0.1+12 (17.0.1+12, mixed mode, tiered, compressed oops, compressed class ptrs, parallel gc, windows-amd64)
GC Precious Log:
 CPUs: 8 total, 8 available
 Memory: 8059M
 Large Page Support: Disabled
 NUMA Support: Disabled
 Compressed Oops: Enabled (32-bit)
 Alignments: Space 512K, Generation 512K, Heap 2M
 Heap Min Capacity: 100M
 Heap Initial Capacity: 100M
 Heap Max Capacity: 1G
 Pre-touch: Disabled
 Parallel Workers: 8
Heap:
 PSYoungGen      total 20480K, used 7802K [0x00000000eab00000, 0x00000000ec180000, 0x0000000100000000)
  eden space 19456K, 36% used [0x00000000eab00000,0x00000000eb1f29e8,0x00000000ebe00000)
  from space 1024K, 67% used [0x00000000ec080000,0x00000000ec12be58,0x00000000ec180000)
  to   space 1024K, 0% used [0x00000000ebf80000,0x00000000ebf80000,0x00000000ec080000)
 ParOldGen       total 68608K, used 25852K [0x00000000c0000000, 0x00000000c4300000, 0x00000000eab00000)
  object space 68608K, 37% used [0x00000000c0000000,0x00000000c193f268,0x00000000c4300000)
 Metaspace       used 42811K, committed 43520K, reserved 1089536K
  class space    used 4287K, committed 4608K, reserved 1048576K
GC Heap History (20 events):
Event: 2.454 GC heap before
{Heap before GC invocations=11 (full 1):
 PSYoungGen      total 26624K, used 26161K [0x00000000eab00000, 0x00000000ec900000, 0x0000000100000000)
  eden space 22528K, 100% used [0x00000000eab00000,0x00000000ec100000,0x00000000ec100000)
  from space 4096K, 88% used [0x00000000ec180000,0x00000000ec50c6b0,0x00000000ec580000)
  to   space 3584K, 0% used [0x00000000ec580000,0x00000000ec580000,0x00000000ec900000)
 ParOldGen       total 68608K, used 10409K [0x00000000c0000000, 0x00000000c4300000, 0x00000000eab00000)
  object space 68608K, 15% used [0x00000000c0000000,0x00000000c0a2a638,0x00000000c4300000)
 Metaspace       used 33559K, committed 34240K, reserved 1081344K
  class space    used 3385K, committed 3712K, reserved 1048576K
}
Event: 2.458 GC heap after
{Heap after GC invocations=11 (full 1):
 PSYoungGen      total 24576K, used 3584K [0x00000000eab00000, 0x00000000ecc80000, 0x0000000100000000)
  eden space 20992K, 0% used [0x00000000eab00000,0x00000000eab00000,0x00000000ebf80000)
  from space 3584K, 100% used [0x00000000ec580000,0x00000000ec900000,0x00000000ec900000)
  to   space 6144K, 0% used [0x00000000ebf80000,0x00000000ebf80000,0x00000000ec580000)
 ParOldGen       total 68608K, used 12514K [0x00000000c0000000, 0x00000000c4300000, 0x00000000eab00000)
  object space 68608K, 18% used [0x00000000c0000000,0x00000000c0c38ba8,0x00000000c4300000)
 Metaspace       used 33559K, committed 34240K, reserved 1081344K
  class space    used 3385K, committed 3712K, reserved 1048576K
}
Event: 2.487 GC heap before
{Heap before GC invocations=12 (full 1):
 PSYoungGen      total 24576K, used 24576K [0x00000000eab00000, 0x00000000ecc80000, 0x0000000100000000)
  eden space 20992K, 100% used [0x00000000eab00000,0x00000000ebf80000,0x00000000ebf80000)
  from space 3584K, 100% used [0x00000000ec580000,0x00000000ec900000,0x00000000ec900000)
  to   space 6144K, 0% used [0x00000000ebf80000,0x00000000ebf80000,0x00000000ec580000)
 ParOldGen       total 68608K, used 12514K [0x00000000c0000000, 0x00000000c4300000, 0x00000000eab00000)
  object space 68608K, 18% used [0x00000000c0000000,0x00000000c0c38ba8,0x00000000c4300000)
 Metaspace       used 33607K, committed 34304K, reserved 1081344K
  class space    used 3397K, committed 3712K, reserved 1048576K
}
Event: 2.490 GC heap after
{Heap after GC invocations=12 (full 1):
 PSYoungGen      total 24064K, used 2560K [0x00000000eab00000, 0x00000000ec780000, 0x0000000100000000)
  eden space 20992K, 0% used [0x00000000eab00000,0x00000000eab00000,0x00000000ebf80000)
  from space 3072K, 83% used [0x00000000ebf80000,0x00000000ec200010,0x00000000ec280000)
  to   space 4096K, 0% used [0x00000000ec380000,0x00000000ec380000,0x00000000ec780000)
 ParOldGen       total 68608K, used 16101K [0x00000000c0000000, 0x00000000c4300000, 0x00000000eab00000)
  object space 68608K, 23% used [0x00000000c0000000,0x00000000c0fb96c0,0x00000000c4300000)
 Metaspace       used 33607K, committed 34304K, reserved 1081344K
  class space    used 3397K, committed 3712K, reserved 1048576K
}
Event: 2.512 GC heap before
{Heap before GC invocations=13 (full 1):
 PSYoungGen      total 24064K, used 23552K [0x00000000eab00000, 0x00000000ec780000, 0x0000000100000000)
  eden space 20992K, 100% used [0x00000000eab00000,0x00000000ebf80000,0x00000000ebf80000)
  from space 3072K, 83% used [0x00000000ebf80000,0x00000000ec200010,0x00000000ec280000)
  to   space 4096K, 0% used [0x00000000ec380000,0x00000000ec380000,0x00000000ec780000)
 ParOldGen       total 68608K, used 16101K [0x00000000c0000000, 0x00000000c4300000, 0x00000000eab00000)
  object space 68608K, 23% used [0x00000000c0000000,0x00000000c0fb96c0,0x00000000c4300000)
 Metaspace       used 33612K, committed 34304K, reserved 1081344K
  class space    used 3397K, committed 3712K, reserved 1048576K
}
Event: 2.515 GC heap after
{Heap after GC invocations=13 (full 1):
 PSYoungGen      total 24064K, used 2560K [0x00000000eab00000, 0x00000000ec680000, 0x0000000100000000)
  eden space 20992K, 0% used [0x00000000eab00000,0x00000000eab00000,0x00000000ebf80000)
  from space 3072K, 83% used [0x00000000ec380000,0x00000000ec600010,0x00000000ec680000)
  to   space 3072K, 0% used [0x00000000ebf80000,0x00000000ebf80000,0x00000000ec280000)
 ParOldGen       total 68608K, used 18585K [0x00000000c0000000, 0x00000000c4300000, 0x00000000eab00000)
  object space 68608K, 27% used [0x00000000c0000000,0x00000000c1226420,0x00000000c4300000)
 Metaspace       used 33612K, committed 34304K, reserved 1081344K
  class space    used 3397K, committed 3712K, reserved 1048576K
}
Event: 2.538 GC heap before
{Heap before GC invocations=14 (full 1):
 PSYoungGen      total 24064K, used 23552K [0x00000000eab00000, 0x00000000ec680000, 0x0000000100000000)
  eden space 20992K, 100% used [0x00000000eab00000,0x00000000ebf80000,0x00000000ebf80000)
  from space 3072K, 83% used [0x00000000ec380000,0x00000000ec600010,0x00000000ec680000)
  to   space 3072K, 0% used [0x00000000ebf80000,0x00000000ebf80000,0x00000000ec280000)
 ParOldGen       total 68608K, used 18585K [0x00000000c0000000, 0x00000000c4300000, 0x00000000eab00000)
  object space 68608K, 27% used [0x00000000c0000000,0x00000000c1226420,0x00000000c4300000)
 Metaspace       used 33612K, committed 34304K, reserved 1081344K
  class space    used 3397K, committed 3712K, reserved 1048576K
}
Event: 2.542 GC heap after
{Heap after GC invocations=14 (full 1):
 PSYoungGen      total 23040K, used 2016K [0x00000000eab00000, 0x00000000ec480000, 0x0000000100000000)
  eden space 20992K, 0% used [0x00000000eab00000,0x00000000eab00000,0x00000000ebf80000)
  from space 2048K, 98% used [0x00000000ebf80000,0x00000000ec178000,0x00000000ec180000)
  to   space 2560K, 0% used [0x00000000ec200000,0x00000000ec200000,0x00000000ec480000)
 ParOldGen       total 68608K, used 20983K [0x00000000c0000000, 0x00000000c4300000, 0x00000000eab00000)
  object space 68608K, 30% used [0x00000000c0000000,0x00000000c147dcb0,0x00000000c4300000)
 Metaspace       used 33612K, committed 34304K, reserved 1081344K
  class space    used 3397K, committed 3712K, reserved 1048576K
}
Event: 2.650 GC heap before
{Heap before GC invocations=15 (full 1):
 PSYoungGen      total 23040K, used 17369K [0x00000000eab00000, 0x00000000ec480000, 0x0000000100000000)
  eden space 20992K, 73% used [0x00000000eab00000,0x00000000eb9fe4b8,0x00000000ebf80000)
  from space 2048K, 98% used [0x00000000ebf80000,0x00000000ec178000,0x00000000ec180000)
  to   space 2560K, 0% used [0x00000000ec200000,0x00000000ec200000,0x00000000ec480000)
 ParOldGen       total 68608K, used 20983K [0x00000000c0000000, 0x00000000c4300000, 0x00000000eab00000)
  object space 68608K, 30% used [0x00000000c0000000,0x00000000c147dcb0,0x00000000c4300000)
 Metaspace       used 35198K, committed 35840K, reserved 1081344K
  class space    used 3592K, committed 3904K, reserved 1048576K
}
Event: 2.653 GC heap after
{Heap after GC invocations=15 (full 1):
 PSYoungGen      total 23040K, used 1932K [0x00000000eab00000, 0x00000000ec400000, 0x0000000100000000)
  eden space 20992K, 0% used [0x00000000eab00000,0x00000000eab00000,0x00000000ebf80000)
  from space 2048K, 94% used [0x00000000ec200000,0x00000000ec3e32b8,0x00000000ec400000)
  to   space 2048K, 0% used [0x00000000ebf80000,0x00000000ebf80000,0x00000000ec180000)
 ParOldGen       total 68608K, used 22932K [0x00000000c0000000, 0x00000000c4300000, 0x00000000eab00000)
  object space 68608K, 33% used [0x00000000c0000000,0x00000000c1665008,0x00000000c4300000)
 Metaspace       used 35198K, committed 35840K, reserved 1081344K
  class space    used 3592K, committed 3904K, reserved 1048576K
}
Event: 2.653 GC heap before
{Heap before GC invocations=16 (full 2):
 PSYoungGen      total 23040K, used 1932K [0x00000000eab00000, 0x00000000ec400000, 0x0000000100000000)
  eden space 20992K, 0% used [0x00000000eab00000,0x00000000eab00000,0x00000000ebf80000)
  from space 2048K, 94% used [0x00000000ec200000,0x00000000ec3e32b8,0x00000000ec400000)
  to   space 2048K, 0% used [0x00000000ebf80000,0x00000000ebf80000,0x00000000ec180000)
 ParOldGen       total 68608K, used 22932K [0x00000000c0000000, 0x00000000c4300000, 0x00000000eab00000)
  object space 68608K, 33% used [0x00000000c0000000,0x00000000c1665008,0x00000000c4300000)
 Metaspace       used 35198K, committed 35840K, reserved 1081344K
  class space    used 3592K, committed 3904K, reserved 1048576K
}
Event: 2.680 GC heap after
{Heap after GC invocations=16 (full 2):
 PSYoungGen      total 23040K, used 0K [0x00000000eab00000, 0x00000000ec400000, 0x0000000100000000)
  eden space 20992K, 0% used [0x00000000eab00000,0x00000000eab00000,0x00000000ebf80000)
  from space 2048K, 0% used [0x00000000ec200000,0x00000000ec200000,0x00000000ec400000)
  to   space 2048K, 0% used [0x00000000ebf80000,0x00000000ebf80000,0x00000000ec180000)
 ParOldGen       total 68608K, used 23983K [0x00000000c0000000, 0x00000000c4300000, 0x00000000eab00000)
  object space 68608K, 34% used [0x00000000c0000000,0x00000000c176be00,0x00000000c4300000)
 Metaspace       used 35198K, committed 35840K, reserved 1081344K
  class space    used 3592K, committed 3904K, reserved 1048576K
}
Event: 2.962 GC heap before
{Heap before GC invocations=17 (full 2):
 PSYoungGen      total 23040K, used 20961K [0x00000000eab00000, 0x00000000ec400000, 0x0000000100000000)
  eden space 20992K, 99% used [0x00000000eab00000,0x00000000ebf78710,0x00000000ebf80000)
  from space 2048K, 0% used [0x00000000ec200000,0x00000000ec200000,0x00000000ec400000)
  to   space 2048K, 0% used [0x00000000ebf80000,0x00000000ebf80000,0x00000000ec180000)
 ParOldGen       total 68608K, used 23983K [0x00000000c0000000, 0x00000000c4300000, 0x00000000eab00000)
  object space 68608K, 34% used [0x00000000c0000000,0x00000000c176be00,0x00000000c4300000)
 Metaspace       used 36548K, committed 37248K, reserved 1089536K
  class space    used 3771K, committed 4096K, reserved 1048576K
}
Event: 2.963 GC heap after
{Heap after GC invocations=17 (full 2):
 PSYoungGen      total 22016K, used 571K [0x00000000eab00000, 0x00000000ec280000, 0x0000000100000000)
  eden space 20992K, 0% used [0x00000000eab00000,0x00000000eab00000,0x00000000ebf80000)
  from space 1024K, 55% used [0x00000000ebf80000,0x00000000ec00ed00,0x00000000ec080000)
  to   space 1536K, 0% used [0x00000000ec100000,0x00000000ec100000,0x00000000ec280000)
 ParOldGen       total 68608K, used 23991K [0x00000000c0000000, 0x00000000c4300000, 0x00000000eab00000)
  object space 68608K, 34% used [0x00000000c0000000,0x00000000c176de00,0x00000000c4300000)
 Metaspace       used 36548K, committed 37248K, reserved 1089536K
  class space    used 3771K, committed 4096K, reserved 1048576K
}
Event: 3.622 GC heap before
{Heap before GC invocations=18 (full 2):
 PSYoungGen      total 22016K, used 21563K [0x00000000eab00000, 0x00000000ec280000, 0x0000000100000000)
  eden space 20992K, 100% used [0x00000000eab00000,0x00000000ebf80000,0x00000000ebf80000)
  from space 1024K, 55% used [0x00000000ebf80000,0x00000000ec00ed00,0x00000000ec080000)
  to   space 1536K, 0% used [0x00000000ec100000,0x00000000ec100000,0x00000000ec280000)
 ParOldGen       total 68608K, used 23991K [0x00000000c0000000, 0x00000000c4300000, 0x00000000eab00000)
  object space 68608K, 34% used [0x00000000c0000000,0x00000000c176de00,0x00000000c4300000)
 Metaspace       used 39624K, committed 40256K, reserved 1089536K
  class space    used 4054K, committed 4352K, reserved 1048576K
}
Event: 3.623 GC heap after
{Heap after GC invocations=18 (full 2):
 PSYoungGen      total 20992K, used 1509K [0x00000000eab00000, 0x00000000ec580000, 0x0000000100000000)
  eden space 19456K, 0% used [0x00000000eab00000,0x00000000eab00000,0x00000000ebe00000)
  from space 1536K, 98% used [0x00000000ec100000,0x00000000ec279540,0x00000000ec280000)
  to   space 3072K, 0% used [0x00000000ebe00000,0x00000000ebe00000,0x00000000ec100000)
 ParOldGen       total 68608K, used 24955K [0x00000000c0000000, 0x00000000c4300000, 0x00000000eab00000)
  object space 68608K, 36% used [0x00000000c0000000,0x00000000c185ef60,0x00000000c4300000)
 Metaspace       used 39624K, committed 40256K, reserved 1089536K
  class space    used 4054K, committed 4352K, reserved 1048576K
}
Event: 3.667 GC heap before
{Heap before GC invocations=19 (full 2):
 PSYoungGen      total 20992K, used 20965K [0x00000000eab00000, 0x00000000ec580000, 0x0000000100000000)
  eden space 19456K, 100% used [0x00000000eab00000,0x00000000ebe00000,0x00000000ebe00000)
  from space 1536K, 98% used [0x00000000ec100000,0x00000000ec279540,0x00000000ec280000)
  to   space 3072K, 0% used [0x00000000ebe00000,0x00000000ebe00000,0x00000000ec100000)
 ParOldGen       total 68608K, used 24955K [0x00000000c0000000, 0x00000000c4300000, 0x00000000eab00000)
  object space 68608K, 36% used [0x00000000c0000000,0x00000000c185ef60,0x00000000c4300000)
 Metaspace       used 40114K, committed 40704K, reserved 1089536K
  class space    used 4096K, committed 4352K, reserved 1048576K
}
Event: 3.667 GC heap after
{Heap after GC invocations=19 (full 2):
 PSYoungGen      total 19968K, used 160K [0x00000000eab00000, 0x00000000ec180000, 0x0000000100000000)
  eden space 19456K, 0% used [0x00000000eab00000,0x00000000eab00000,0x00000000ebe00000)
  from space 512K, 31% used [0x00000000ebe00000,0x00000000ebe28000,0x00000000ebe80000)
  to   space 1024K, 0% used [0x00000000ec080000,0x00000000ec080000,0x00000000ec180000)
 ParOldGen       total 68608K, used 25812K [0x00000000c0000000, 0x00000000c4300000, 0x00000000eab00000)
  object space 68608K, 37% used [0x00000000c0000000,0x00000000c1935268,0x00000000c4300000)
 Metaspace       used 40114K, committed 40704K, reserved 1089536K
  class space    used 4096K, committed 4352K, reserved 1048576K
}
Event: 67.989 GC heap before
{Heap before GC invocations=20 (full 2):
 PSYoungGen      total 19968K, used 19616K [0x00000000eab00000, 0x00000000ec180000, 0x0000000100000000)
  eden space 19456K, 100% used [0x00000000eab00000,0x00000000ebe00000,0x00000000ebe00000)
  from space 512K, 31% used [0x00000000ebe00000,0x00000000ebe28000,0x00000000ebe80000)
  to   space 1024K, 0% used [0x00000000ec080000,0x00000000ec080000,0x00000000ec180000)
 ParOldGen       total 68608K, used 25812K [0x00000000c0000000, 0x00000000c4300000, 0x00000000eab00000)
  object space 68608K, 37% used [0x00000000c0000000,0x00000000c1935268,0x00000000c4300000)
 Metaspace       used 42696K, committed 43392K, reserved 1089536K
  class space    used 4283K, committed 4608K, reserved 1048576K
}
Event: 67.990 GC heap after
{Heap after GC invocations=20 (full 2):
 PSYoungGen      total 20480K, used 687K [0x00000000eab00000, 0x00000000ec180000, 0x0000000100000000)
  eden space 19456K, 0% used [0x00000000eab00000,0x00000000eab00000,0x00000000ebe00000)
  from space 1024K, 67% used [0x00000000ec080000,0x00000000ec12be58,0x00000000ec180000)
  to   space 1024K, 0% used [0x00000000ebf80000,0x00000000ebf80000,0x00000000ec080000)
 ParOldGen       total 68608K, used 25852K [0x00000000c0000000, 0x00000000c4300000, 0x00000000eab00000)
  object space 68608K, 37% used [0x00000000c0000000,0x00000000c193f268,0x00000000c4300000)
 Metaspace       used 42696K, committed 43392K, reserved 1089536K
  class space    used 4283K, committed 4608K, reserved 1048576K
}

