# JRE version: OpenJDK Runtime Environment Temurin-17.0.1+12 (17.0.1+12) (build 17.0.1+12)
# Java VM: OpenJDK 64-Bit Server VM Temurin-17.0.1+12 (17.0.1+12, mixed mode, tiered, compressed oops, compressed class ptrs, parallel gc, windows-amd64)
GC Precious Log:
 CPUs: 8 total, 8 available
 Memory: 8059M
 Large Page Support: Disabled
 NUMA Support: Disabled
 Compressed Oops: Enabled (32-bit)
 Alignments: Space 512K, Generation 512K, Heap 2M
 Heap Min Capacity: 100M
 Heap Initial Capacity: 100M
 Heap Max Capacity: 1G
 Pre-touch: Disabled
 Parallel Workers: 8
Heap:
 PSYoungGen      total 25600K, used 16791K [0x00000000eab00000, 0x00000000ed100000, 0x0000000100000000)
  eden space 15360K, 43% used [0x00000000eab00000,0x00000000eb1816d0,0x00000000eba00000)
  from space 10240K, 98% used [0x00000000eba00000,0x00000000ec3e4560,0x00000000ec400000)
  to   space 11776K, 0% used [0x00000000ec580000,0x00000000ec580000,0x00000000ed100000)
 ParOldGen       total 115200K, used 82579K [0x00000000c0000000, 0x00000000c7080000, 0x00000000eab00000)
  object space 115200K, 71% used [0x00000000c0000000,0x00000000c50a4da8,0x00000000c7080000)
 Metaspace       used 75769K, committed 76928K, reserved 1122304K
  class space    used 9094K, committed 9600K, reserved 1048576K
GC Heap History (20 events):
Event: 19.078 GC heap before
{Heap before GC invocations=36 (full 3):
 PSYoungGen      total 23040K, used 22757K [0x00000000eab00000, 0x00000000ec480000, 0x0000000100000000)
  eden space 22016K, 99% used [0x00000000eab00000,0x00000000ec07b950,0x00000000ec080000)
  from space 1024K, 74% used [0x00000000ec380000,0x00000000ec43dba0,0x00000000ec480000)
  to   space 1024K, 0% used [0x00000000ec280000,0x00000000ec280000,0x00000000ec380000)
 ParOldGen       total 68608K, used 49304K [0x00000000c0000000, 0x00000000c4300000, 0x00000000eab00000)
  object space 68608K, 71% used [0x00000000c0000000,0x00000000c3026300,0x00000000c4300000)
 Metaspace       used 69943K, committed 71040K, reserved 1114112K
  class space    used 8574K, committed 9088K, reserved 1048576K
}
Event: 19.079 GC heap after
{Heap after GC invocations=36 (full 3):
 PSYoungGen      total 23040K, used 576K [0x00000000eab00000, 0x00000000ec400000, 0x0000000100000000)
  eden space 22016K, 0% used [0x00000000eab00000,0x00000000eab00000,0x00000000ec080000)
  from space 1024K, 56% used [0x00000000ec280000,0x00000000ec310000,0x00000000ec380000)
  to   space 512K, 0% used [0x00000000ec380000,0x00000000ec380000,0x00000000ec400000)
 ParOldGen       total 68608K, used 49898K [0x00000000c0000000, 0x00000000c4300000, 0x00000000eab00000)
  object space 68608K, 72% used [0x00000000c0000000,0x00000000c30bab10,0x00000000c4300000)
 Metaspace       used 69943K, committed 71040K, reserved 1114112K
  class space    used 8574K, committed 9088K, reserved 1048576K
}
Event: 19.413 GC heap before
{Heap before GC invocations=37 (full 3):
 PSYoungGen      total 23040K, used 22560K [0x00000000eab00000, 0x00000000ec400000, 0x0000000100000000)
  eden space 22016K, 99% used [0x00000000eab00000,0x00000000ec078348,0x00000000ec080000)
  from space 1024K, 56% used [0x00000000ec280000,0x00000000ec310000,0x00000000ec380000)
  to   space 512K, 0% used [0x00000000ec380000,0x00000000ec380000,0x00000000ec400000)
 ParOldGen       total 68608K, used 49898K [0x00000000c0000000, 0x00000000c4300000, 0x00000000eab00000)
  object space 68608K, 72% used [0x00000000c0000000,0x00000000c30bab10,0x00000000c4300000)
 Metaspace       used 72143K, committed 73280K, reserved 1114112K
  class space    used 8772K, committed 9280K, reserved 1048576K
}
Event: 19.415 GC heap after
{Heap after GC invocations=37 (full 3):
 PSYoungGen      total 20480K, used 511K [0x00000000eab00000, 0x00000000eca80000, 0x0000000100000000)
  eden space 19968K, 0% used [0x00000000eab00000,0x00000000eab00000,0x00000000ebe80000)
  from space 512K, 99% used [0x00000000ec380000,0x00000000ec3ffcb0,0x00000000ec400000)
  to   space 5120K, 0% used [0x00000000ebe80000,0x00000000ebe80000,0x00000000ec380000)
 ParOldGen       total 68608K, used 53592K [0x00000000c0000000, 0x00000000c4300000, 0x00000000eab00000)
  object space 68608K, 78% used [0x00000000c0000000,0x00000000c34561a8,0x00000000c4300000)
 Metaspace       used 72143K, committed 73280K, reserved 1114112K
  class space    used 8772K, committed 9280K, reserved 1048576K
}
Event: 19.473 GC heap before
{Heap before GC invocations=38 (full 3):
 PSYoungGen      total 20480K, used 20479K [0x00000000eab00000, 0x00000000eca80000, 0x0000000100000000)
  eden space 19968K, 100% used [0x00000000eab00000,0x00000000ebe80000,0x00000000ebe80000)
  from space 512K, 99% used [0x00000000ec380000,0x00000000ec3ffcb0,0x00000000ec400000)
  to   space 5120K, 0% used [0x00000000ebe80000,0x00000000ebe80000,0x00000000ec380000)
 ParOldGen       total 68608K, used 53592K [0x00000000c0000000, 0x00000000c4300000, 0x00000000eab00000)
  object space 68608K, 78% used [0x00000000c0000000,0x00000000c34561a8,0x00000000c4300000)
 Metaspace       used 72444K, committed 73536K, reserved 1114112K
  class space    used 8786K, committed 9280K, reserved 1048576K
}
Event: 19.474 GC heap after
{Heap after GC invocations=38 (full 3):
 PSYoungGen      total 20480K, used 327K [0x00000000eab00000, 0x00000000ec400000, 0x0000000100000000)
  eden space 19968K, 0% used [0x00000000eab00000,0x00000000eab00000,0x00000000ebe80000)
  from space 512K, 63% used [0x00000000ebe80000,0x00000000ebed1d10,0x00000000ebf00000)
  to   space 2048K, 0% used [0x00000000ec200000,0x00000000ec200000,0x00000000ec400000)
 ParOldGen       total 68608K, used 54118K [0x00000000c0000000, 0x00000000c4300000, 0x00000000eab00000)
  object space 68608K, 78% used [0x00000000c0000000,0x00000000c34d99f8,0x00000000c4300000)
 Metaspace       used 72444K, committed 73536K, reserved 1114112K
  class space    used 8786K, committed 9280K, reserved 1048576K
}
Event: 19.685 GC heap before
{Heap before GC invocations=39 (full 3):
 PSYoungGen      total 20480K, used 20295K [0x00000000eab00000, 0x00000000ec400000, 0x0000000100000000)
  eden space 19968K, 100% used [0x00000000eab00000,0x00000000ebe80000,0x00000000ebe80000)
  from space 512K, 63% used [0x00000000ebe80000,0x00000000ebed1d10,0x00000000ebf00000)
  to   space 2048K, 0% used [0x00000000ec200000,0x00000000ec200000,0x00000000ec400000)
 ParOldGen       total 68608K, used 54118K [0x00000000c0000000, 0x00000000c4300000, 0x00000000eab00000)
  object space 68608K, 78% used [0x00000000c0000000,0x00000000c34d99f8,0x00000000c4300000)
 Metaspace       used 73781K, committed 74944K, reserved 1122304K
  class space    used 8898K, committed 9408K, reserved 1048576K
}
Event: 19.686 GC heap after
{Heap after GC invocations=39 (full 3):
 PSYoungGen      total 21504K, used 1529K [0x00000000eab00000, 0x00000000ec380000, 0x0000000100000000)
  eden space 19968K, 0% used [0x00000000eab00000,0x00000000eab00000,0x00000000ebe80000)
  from space 1536K, 99% used [0x00000000ec200000,0x00000000ec37e6e8,0x00000000ec380000)
  to   space 2048K, 0% used [0x00000000ebf80000,0x00000000ebf80000,0x00000000ec180000)
 ParOldGen       total 68608K, used 54325K [0x00000000c0000000, 0x00000000c4300000, 0x00000000eab00000)
  object space 68608K, 79% used [0x00000000c0000000,0x00000000c350d708,0x00000000c4300000)
 Metaspace       used 73781K, committed 74944K, reserved 1122304K
  class space    used 8898K, committed 9408K, reserved 1048576K
}
Event: 19.858 GC heap before
{Heap before GC invocations=40 (full 3):
 PSYoungGen      total 21504K, used 21497K [0x00000000eab00000, 0x00000000ec380000, 0x0000000100000000)
  eden space 19968K, 100% used [0x00000000eab00000,0x00000000ebe80000,0x00000000ebe80000)
  from space 1536K, 99% used [0x00000000ec200000,0x00000000ec37e6e8,0x00000000ec380000)
  to   space 2048K, 0% used [0x00000000ebf80000,0x00000000ebf80000,0x00000000ec180000)
 ParOldGen       total 68608K, used 54325K [0x00000000c0000000, 0x00000000c4300000, 0x00000000eab00000)
  object space 68608K, 79% used [0x00000000c0000000,0x00000000c350d708,0x00000000c4300000)
 Metaspace       used 74318K, committed 75328K, reserved 1122304K
  class space    used 8950K, committed 9408K, reserved 1048576K
}
Event: 19.860 GC heap after
{Heap after GC invocations=40 (full 3):
 PSYoungGen      total 20992K, used 1023K [0x00000000eab00000, 0x00000000ec280000, 0x0000000100000000)
  eden space 19968K, 0% used [0x00000000eab00000,0x00000000eab00000,0x00000000ebe80000)
  from space 1024K, 99% used [0x00000000ebf80000,0x00000000ec07fe88,0x00000000ec080000)
  to   space 1536K, 0% used [0x00000000ec100000,0x00000000ec100000,0x00000000ec280000)
 ParOldGen       total 68608K, used 55558K [0x00000000c0000000, 0x00000000c4300000, 0x00000000eab00000)
  object space 68608K, 80% used [0x00000000c0000000,0x00000000c3641b00,0x00000000c4300000)
 Metaspace       used 74318K, committed 75328K, reserved 1122304K
  class space    used 8950K, committed 9408K, reserved 1048576K
}
Event: 19.970 GC heap before
{Heap before GC invocations=41 (full 3):
 PSYoungGen      total 20992K, used 20991K [0x00000000eab00000, 0x00000000ec280000, 0x0000000100000000)
  eden space 19968K, 100% used [0x00000000eab00000,0x00000000ebe80000,0x00000000ebe80000)
  from space 1024K, 99% used [0x00000000ebf80000,0x00000000ec07fe88,0x00000000ec080000)
  to   space 1536K, 0% used [0x00000000ec100000,0x00000000ec100000,0x00000000ec280000)
 ParOldGen       total 68608K, used 55558K [0x00000000c0000000, 0x00000000c4300000, 0x00000000eab00000)
  object space 68608K, 80% used [0x00000000c0000000,0x00000000c3641b00,0x00000000c4300000)
 Metaspace       used 74541K, committed 75648K, reserved 1122304K
  class space    used 8967K, committed 9472K, reserved 1048576K
}
Event: 19.973 GC heap after
{Heap after GC invocations=41 (full 3):
 PSYoungGen      total 20992K, used 1536K [0x00000000eab00000, 0x00000000ec480000, 0x0000000100000000)
  eden space 19456K, 0% used [0x00000000eab00000,0x00000000eab00000,0x00000000ebe00000)
  from space 1536K, 100% used [0x00000000ec100000,0x00000000ec280000,0x00000000ec280000)
  to   space 3072K, 0% used [0x00000000ebe00000,0x00000000ebe00000,0x00000000ec100000)
 ParOldGen       total 68608K, used 56652K [0x00000000c0000000, 0x00000000c4300000, 0x00000000eab00000)
  object space 68608K, 82% used [0x00000000c0000000,0x00000000c3753020,0x00000000c4300000)
 Metaspace       used 74541K, committed 75648K, reserved 1122304K
  class space    used 8967K, committed 9472K, reserved 1048576K
}
Event: 20.156 GC heap before
{Heap before GC invocations=42 (full 3):
 PSYoungGen      total 20992K, used 18282K [0x00000000eab00000, 0x00000000ec480000, 0x0000000100000000)
  eden space 19456K, 86% used [0x00000000eab00000,0x00000000ebb5aa60,0x00000000ebe00000)
  from space 1536K, 100% used [0x00000000ec100000,0x00000000ec280000,0x00000000ec280000)
  to   space 3072K, 0% used [0x00000000ebe00000,0x00000000ebe00000,0x00000000ec100000)
 ParOldGen       total 68608K, used 56652K [0x00000000c0000000, 0x00000000c4300000, 0x00000000eab00000)
  object space 68608K, 82% used [0x00000000c0000000,0x00000000c3753020,0x00000000c4300000)
 Metaspace       used 75358K, committed 76480K, reserved 1122304K
  class space    used 9054K, committed 9536K, reserved 1048576K
}
Event: 20.159 GC heap after
{Heap after GC invocations=42 (full 3):
 PSYoungGen      total 22016K, used 2363K [0x00000000eab00000, 0x00000000ec300000, 0x0000000100000000)
  eden space 19456K, 0% used [0x00000000eab00000,0x00000000eab00000,0x00000000ebe00000)
  from space 2560K, 92% used [0x00000000ebe00000,0x00000000ec04ec10,0x00000000ec080000)
  to   space 2560K, 0% used [0x00000000ec080000,0x00000000ec080000,0x00000000ec300000)
 ParOldGen       total 68608K, used 60861K [0x00000000c0000000, 0x00000000c4300000, 0x00000000eab00000)
  object space 68608K, 88% used [0x00000000c0000000,0x00000000c3b6f5a0,0x00000000c4300000)
 Metaspace       used 75358K, committed 76480K, reserved 1122304K
  class space    used 9054K, committed 9536K, reserved 1048576K
}
Event: 20.247 GC heap before
{Heap before GC invocations=43 (full 3):
 PSYoungGen      total 22016K, used 21819K [0x00000000eab00000, 0x00000000ec300000, 0x0000000100000000)
  eden space 19456K, 100% used [0x00000000eab00000,0x00000000ebe00000,0x00000000ebe00000)
  from space 2560K, 92% used [0x00000000ebe00000,0x00000000ec04ec10,0x00000000ec080000)
  to   space 2560K, 0% used [0x00000000ec080000,0x00000000ec080000,0x00000000ec300000)
 ParOldGen       total 106496K, used 98200K [0x00000000c0000000, 0x00000000c6800000, 0x00000000eab00000)
  object space 106496K, 92% used [0x00000000c0000000,0x00000000c5fe60f0,0x00000000c6800000)
 Metaspace       used 75367K, committed 76480K, reserved 1122304K
  class space    used 9056K, committed 9536K, reserved 1048576K
}
Event: 20.251 GC heap after
{Heap after GC invocations=43 (full 3):
 PSYoungGen      total 17920K, used 2560K [0x00000000eab00000, 0x00000000ecb00000, 0x0000000100000000)
  eden space 15360K, 0% used [0x00000000eab00000,0x00000000eab00000,0x00000000eba00000)
  from space 2560K, 100% used [0x00000000ec080000,0x00000000ec300000,0x00000000ec300000)
  to   space 6656K, 0% used [0x00000000eba00000,0x00000000eba00000,0x00000000ec080000)
 ParOldGen       total 106496K, used 101455K [0x00000000c0000000, 0x00000000c6800000, 0x00000000eab00000)
  object space 106496K, 95% used [0x00000000c0000000,0x00000000c6313f80,0x00000000c6800000)
 Metaspace       used 75367K, committed 76480K, reserved 1122304K
  class space    used 9056K, committed 9536K, reserved 1048576K
}
Event: 20.302 GC heap before
{Heap before GC invocations=44 (full 3):
 PSYoungGen      total 17920K, used 17920K [0x00000000eab00000, 0x00000000ecb00000, 0x0000000100000000)
  eden space 15360K, 100% used [0x00000000eab00000,0x00000000eba00000,0x00000000eba00000)
  from space 2560K, 100% used [0x00000000ec080000,0x00000000ec300000,0x00000000ec300000)
  to   space 6656K, 0% used [0x00000000eba00000,0x00000000eba00000,0x00000000ec080000)
 ParOldGen       total 106496K, used 101455K [0x00000000c0000000, 0x00000000c6800000, 0x00000000eab00000)
  object space 106496K, 95% used [0x00000000c0000000,0x00000000c6313f80,0x00000000c6800000)
 Metaspace       used 75367K, committed 76480K, reserved 1122304K
  class space    used 9056K, committed 9536K, reserved 1048576K
}
Event: 20.308 GC heap after
{Heap after GC invocations=44 (full 3):
 PSYoungGen      total 22016K, used 6656K [0x00000000eab00000, 0x00000000ed800000, 0x0000000100000000)
  eden space 15360K, 0% used [0x00000000eab00000,0x00000000eab00000,0x00000000eba00000)
  from space 6656K, 100% used [0x00000000eba00000,0x00000000ec080000,0x00000000ec080000)
  to   space 15360K, 0% used [0x00000000ec900000,0x00000000ec900000,0x00000000ed800000)
 ParOldGen       total 108544K, used 108239K [0x00000000c0000000, 0x00000000c6a00000, 0x00000000eab00000)
  object space 108544K, 99% used [0x00000000c0000000,0x00000000c69b3f80,0x00000000c6a00000)
 Metaspace       used 75367K, committed 76480K, reserved 1122304K
  class space    used 9056K, committed 9536K, reserved 1048576K
}
Event: 20.308 GC heap before
{Heap before GC invocations=45 (full 4):
 PSYoungGen      total 22016K, used 6656K [0x00000000eab00000, 0x00000000ed800000, 0x0000000100000000)
  eden space 15360K, 0% used [0x00000000eab00000,0x00000000eab00000,0x00000000eba00000)
  from space 6656K, 100% used [0x00000000eba00000,0x00000000ec080000,0x00000000ec080000)
  to   space 15360K, 0% used [0x00000000ec900000,0x00000000ec900000,0x00000000ed800000)
 ParOldGen       total 108544K, used 108239K [0x00000000c0000000, 0x00000000c6a00000, 0x00000000eab00000)
  object space 108544K, 99% used [0x00000000c0000000,0x00000000c69b3f80,0x00000000c6a00000)
 Metaspace       used 75367K, committed 76480K, reserved 1122304K
  class space    used 9056K, committed 9536K, reserved 1048576K
}
Event: 20.356 GC heap after
{Heap after GC invocations=45 (full 4):
 PSYoungGen      total 30720K, used 0K [0x00000000eab00000, 0x00000000ed800000, 0x0000000100000000)
  eden space 15360K, 0% used [0x00000000eab00000,0x00000000eab00000,0x00000000eba00000)
  from space 15360K, 0% used [0x00000000ec900000,0x00000000ec900000,0x00000000ed800000)
  to   space 15360K, 0% used [0x00000000eba00000,0x00000000eba00000,0x00000000ec900000)
 ParOldGen       total 115200K, used 82579K [0x00000000c0000000, 0x00000000c7080000, 0x00000000eab00000)
  object space 115200K, 71% used [0x00000000c0000000,0x00000000c50a4da8,0x00000000c7080000)
 Metaspace       used 75367K, committed 76480K, reserved 1122304K
  class space    used 9056K, committed 9536K, reserved 1048576K
}

