# JRE version: OpenJDK Runtime Environment Temurin-17.0.1+12 (17.0.1+12) (build 17.0.1+12)
# Java VM: OpenJDK 64-Bit Server VM Temurin-17.0.1+12 (17.0.1+12, mixed mode, tiered, compressed oops, compressed class ptrs, parallel gc, windows-amd64)
GC Precious Log:
 CPUs: 8 total, 8 available
 Memory: 8059M
 Large Page Support: Disabled
 NUMA Support: Disabled
 Compressed Oops: Enabled (32-bit)
 Alignments: Space 512K, Generation 512K, Heap 2M
 Heap Min Capacity: 100M
 Heap Initial Capacity: 100M
 Heap Max Capacity: 1G
 Pre-touch: Disabled
 Parallel Workers: 8
Heap:
 PSYoungGen      total 20480K, used 6956K [0x00000000eab00000, 0x00000000ec200000, 0x0000000100000000)
  eden space 19968K, 33% used [0x00000000eab00000,0x00000000eb1930d8,0x00000000ebe80000)
  from space 512K, 43% used [0x00000000ebe80000,0x00000000ebeb8000,0x00000000ebf00000)
  to   space 1536K, 0% used [0x00000000ec080000,0x00000000ec080000,0x00000000ec200000)
 ParOldGen       total 68608K, used 25794K [0x00000000c0000000, 0x00000000c4300000, 0x00000000eab00000)
  object space 68608K, 37% used [0x00000000c0000000,0x00000000c1930a10,0x00000000c4300000)
 Metaspace       used 41802K, committed 42496K, reserved 1089536K
  class space    used 4222K, committed 4544K, reserved 1048576K
GC Heap History (20 events):
Event: 2.597 GC heap before
{Heap before GC invocations=10 (full 1):
 PSYoungGen      total 25600K, used 25592K [0x00000000eab00000, 0x00000000ecb00000, 0x0000000100000000)
  eden space 23552K, 100% used [0x00000000eab00000,0x00000000ec200000,0x00000000ec200000)
  from space 2048K, 99% used [0x00000000ec680000,0x00000000ec87e298,0x00000000ec880000)
  to   space 4608K, 0% used [0x00000000ec200000,0x00000000ec200000,0x00000000ec680000)
 ParOldGen       total 68608K, used 9777K [0x00000000c0000000, 0x00000000c4300000, 0x00000000eab00000)
  object space 68608K, 14% used [0x00000000c0000000,0x00000000c098c6c8,0x00000000c4300000)
 Metaspace       used 33496K, committed 34176K, reserved 1081344K
  class space    used 3383K, committed 3712K, reserved 1048576K
}
Event: 2.600 GC heap after
{Heap after GC invocations=10 (full 1):
 PSYoungGen      total 27136K, used 3745K [0x00000000eab00000, 0x00000000ec980000, 0x0000000100000000)
  eden space 23040K, 0% used [0x00000000eab00000,0x00000000eab00000,0x00000000ec180000)
  from space 4096K, 91% used [0x00000000ec200000,0x00000000ec5a86a0,0x00000000ec600000)
  to   space 3584K, 0% used [0x00000000ec600000,0x00000000ec600000,0x00000000ec980000)
 ParOldGen       total 68608K, used 10265K [0x00000000c0000000, 0x00000000c4300000, 0x00000000eab00000)
  object space 68608K, 14% used [0x00000000c0000000,0x00000000c0a06400,0x00000000c4300000)
 Metaspace       used 33496K, committed 34176K, reserved 1081344K
  class space    used 3383K, committed 3712K, reserved 1048576K
}
Event: 2.644 GC heap before
{Heap before GC invocations=11 (full 1):
 PSYoungGen      total 27136K, used 26785K [0x00000000eab00000, 0x00000000ec980000, 0x0000000100000000)
  eden space 23040K, 100% used [0x00000000eab00000,0x00000000ec180000,0x00000000ec180000)
  from space 4096K, 91% used [0x00000000ec200000,0x00000000ec5a86a0,0x00000000ec600000)
  to   space 3584K, 0% used [0x00000000ec600000,0x00000000ec600000,0x00000000ec980000)
 ParOldGen       total 68608K, used 10265K [0x00000000c0000000, 0x00000000c4300000, 0x00000000eab00000)
  object space 68608K, 14% used [0x00000000c0000000,0x00000000c0a06400,0x00000000c4300000)
 Metaspace       used 33584K, committed 34240K, reserved 1081344K
  class space    used 3386K, committed 3712K, reserved 1048576K
}
Event: 2.647 GC heap after
{Heap after GC invocations=11 (full 1):
 PSYoungGen      total 25088K, used 3552K [0x00000000eab00000, 0x00000000ecd00000, 0x0000000100000000)
  eden space 21504K, 0% used [0x00000000eab00000,0x00000000eab00000,0x00000000ec000000)
  from space 3584K, 99% used [0x00000000ec600000,0x00000000ec978010,0x00000000ec980000)
  to   space 6144K, 0% used [0x00000000ec000000,0x00000000ec000000,0x00000000ec600000)
 ParOldGen       total 68608K, used 12466K [0x00000000c0000000, 0x00000000c4300000, 0x00000000eab00000)
  object space 68608K, 18% used [0x00000000c0000000,0x00000000c0c2cb60,0x00000000c4300000)
 Metaspace       used 33584K, committed 34240K, reserved 1081344K
  class space    used 3386K, committed 3712K, reserved 1048576K
}
Event: 2.686 GC heap before
{Heap before GC invocations=12 (full 1):
 PSYoungGen      total 25088K, used 25056K [0x00000000eab00000, 0x00000000ecd00000, 0x0000000100000000)
  eden space 21504K, 100% used [0x00000000eab00000,0x00000000ec000000,0x00000000ec000000)
  from space 3584K, 99% used [0x00000000ec600000,0x00000000ec978010,0x00000000ec980000)
  to   space 6144K, 0% used [0x00000000ec000000,0x00000000ec000000,0x00000000ec600000)
 ParOldGen       total 68608K, used 12466K [0x00000000c0000000, 0x00000000c4300000, 0x00000000eab00000)
  object space 68608K, 18% used [0x00000000c0000000,0x00000000c0c2cb60,0x00000000c4300000)
 Metaspace       used 33633K, committed 34304K, reserved 1081344K
  class space    used 3399K, committed 3712K, reserved 1048576K
}
Event: 2.689 GC heap after
{Heap after GC invocations=12 (full 1):
 PSYoungGen      total 24576K, used 2624K [0x00000000eab00000, 0x00000000ec800000, 0x0000000100000000)
  eden space 21504K, 0% used [0x00000000eab00000,0x00000000eab00000,0x00000000ec000000)
  from space 3072K, 85% used [0x00000000ec000000,0x00000000ec290010,0x00000000ec300000)
  to   space 4096K, 0% used [0x00000000ec400000,0x00000000ec400000,0x00000000ec800000)
 ParOldGen       total 68608K, used 16071K [0x00000000c0000000, 0x00000000c4300000, 0x00000000eab00000)
  object space 68608K, 23% used [0x00000000c0000000,0x00000000c0fb1d38,0x00000000c4300000)
 Metaspace       used 33633K, committed 34304K, reserved 1081344K
  class space    used 3399K, committed 3712K, reserved 1048576K
}
Event: 2.721 GC heap before
{Heap before GC invocations=13 (full 1):
 PSYoungGen      total 24576K, used 24128K [0x00000000eab00000, 0x00000000ec800000, 0x0000000100000000)
  eden space 21504K, 100% used [0x00000000eab00000,0x00000000ec000000,0x00000000ec000000)
  from space 3072K, 85% used [0x00000000ec000000,0x00000000ec290010,0x00000000ec300000)
  to   space 4096K, 0% used [0x00000000ec400000,0x00000000ec400000,0x00000000ec800000)
 ParOldGen       total 68608K, used 16071K [0x00000000c0000000, 0x00000000c4300000, 0x00000000eab00000)
  object space 68608K, 23% used [0x00000000c0000000,0x00000000c0fb1d38,0x00000000c4300000)
 Metaspace       used 33639K, committed 34304K, reserved 1081344K
  class space    used 3399K, committed 3712K, reserved 1048576K
}
Event: 2.724 GC heap after
{Heap after GC invocations=13 (full 1):
 PSYoungGen      total 24576K, used 2592K [0x00000000eab00000, 0x00000000ec700000, 0x0000000100000000)
  eden space 21504K, 0% used [0x00000000eab00000,0x00000000eab00000,0x00000000ec000000)
  from space 3072K, 84% used [0x00000000ec400000,0x00000000ec688010,0x00000000ec700000)
  to   space 3072K, 0% used [0x00000000ec000000,0x00000000ec000000,0x00000000ec300000)
 ParOldGen       total 68608K, used 18613K [0x00000000c0000000, 0x00000000c4300000, 0x00000000eab00000)
  object space 68608K, 27% used [0x00000000c0000000,0x00000000c122d740,0x00000000c4300000)
 Metaspace       used 33639K, committed 34304K, reserved 1081344K
  class space    used 3399K, committed 3712K, reserved 1048576K
}
Event: 2.752 GC heap before
{Heap before GC invocations=14 (full 1):
 PSYoungGen      total 24576K, used 24096K [0x00000000eab00000, 0x00000000ec700000, 0x0000000100000000)
  eden space 21504K, 100% used [0x00000000eab00000,0x00000000ec000000,0x00000000ec000000)
  from space 3072K, 84% used [0x00000000ec400000,0x00000000ec688010,0x00000000ec700000)
  to   space 3072K, 0% used [0x00000000ec000000,0x00000000ec000000,0x00000000ec300000)
 ParOldGen       total 68608K, used 18613K [0x00000000c0000000, 0x00000000c4300000, 0x00000000eab00000)
  object space 68608K, 27% used [0x00000000c0000000,0x00000000c122d740,0x00000000c4300000)
 Metaspace       used 33639K, committed 34304K, reserved 1081344K
  class space    used 3399K, committed 3712K, reserved 1048576K
}
Event: 2.755 GC heap after
{Heap after GC invocations=14 (full 1):
 PSYoungGen      total 24064K, used 2080K [0x00000000eab00000, 0x00000000ec500000, 0x0000000100000000)
  eden space 21504K, 0% used [0x00000000eab00000,0x00000000eab00000,0x00000000ec000000)
  from space 2560K, 81% used [0x00000000ec000000,0x00000000ec208000,0x00000000ec280000)
  to   space 2560K, 0% used [0x00000000ec280000,0x00000000ec280000,0x00000000ec500000)
 ParOldGen       total 68608K, used 21067K [0x00000000c0000000, 0x00000000c4300000, 0x00000000eab00000)
  object space 68608K, 30% used [0x00000000c0000000,0x00000000c1492fd0,0x00000000c4300000)
 Metaspace       used 33639K, committed 34304K, reserved 1081344K
  class space    used 3399K, committed 3712K, reserved 1048576K
}
Event: 2.858 GC heap before
{Heap before GC invocations=15 (full 1):
 PSYoungGen      total 24064K, used 14748K [0x00000000eab00000, 0x00000000ec500000, 0x0000000100000000)
  eden space 21504K, 58% used [0x00000000eab00000,0x00000000eb75f3a0,0x00000000ec000000)
  from space 2560K, 81% used [0x00000000ec000000,0x00000000ec208000,0x00000000ec280000)
  to   space 2560K, 0% used [0x00000000ec280000,0x00000000ec280000,0x00000000ec500000)
 ParOldGen       total 68608K, used 21067K [0x00000000c0000000, 0x00000000c4300000, 0x00000000eab00000)
  object space 68608K, 30% used [0x00000000c0000000,0x00000000c1492fd0,0x00000000c4300000)
 Metaspace       used 35228K, committed 35840K, reserved 1081344K
  class space    used 3592K, committed 3904K, reserved 1048576K
}
Event: 2.861 GC heap after
{Heap after GC invocations=15 (full 1):
 PSYoungGen      total 23552K, used 1700K [0x00000000eab00000, 0x00000000ec480000, 0x0000000100000000)
  eden space 21504K, 0% used [0x00000000eab00000,0x00000000eab00000,0x00000000ec000000)
  from space 2048K, 83% used [0x00000000ec280000,0x00000000ec4293d0,0x00000000ec480000)
  to   space 2048K, 0% used [0x00000000ec080000,0x00000000ec080000,0x00000000ec280000)
 ParOldGen       total 68608K, used 23032K [0x00000000c0000000, 0x00000000c4300000, 0x00000000eab00000)
  object space 68608K, 33% used [0x00000000c0000000,0x00000000c167e328,0x00000000c4300000)
 Metaspace       used 35228K, committed 35840K, reserved 1081344K
  class space    used 3592K, committed 3904K, reserved 1048576K
}
Event: 2.861 GC heap before
{Heap before GC invocations=16 (full 2):
 PSYoungGen      total 23552K, used 1700K [0x00000000eab00000, 0x00000000ec480000, 0x0000000100000000)
  eden space 21504K, 0% used [0x00000000eab00000,0x00000000eab00000,0x00000000ec000000)
  from space 2048K, 83% used [0x00000000ec280000,0x00000000ec4293d0,0x00000000ec480000)
  to   space 2048K, 0% used [0x00000000ec080000,0x00000000ec080000,0x00000000ec280000)
 ParOldGen       total 68608K, used 23032K [0x00000000c0000000, 0x00000000c4300000, 0x00000000eab00000)
  object space 68608K, 33% used [0x00000000c0000000,0x00000000c167e328,0x00000000c4300000)
 Metaspace       used 35228K, committed 35840K, reserved 1081344K
  class space    used 3592K, committed 3904K, reserved 1048576K
}
Event: 2.886 GC heap after
{Heap after GC invocations=16 (full 2):
 PSYoungGen      total 23552K, used 0K [0x00000000eab00000, 0x00000000ec480000, 0x0000000100000000)
  eden space 21504K, 0% used [0x00000000eab00000,0x00000000eab00000,0x00000000ec000000)
  from space 2048K, 0% used [0x00000000ec280000,0x00000000ec280000,0x00000000ec480000)
  to   space 2048K, 0% used [0x00000000ec080000,0x00000000ec080000,0x00000000ec280000)
 ParOldGen       total 68608K, used 23983K [0x00000000c0000000, 0x00000000c4300000, 0x00000000eab00000)
  object space 68608K, 34% used [0x00000000c0000000,0x00000000c176bf10,0x00000000c4300000)
 Metaspace       used 35228K, committed 35840K, reserved 1081344K
  class space    used 3592K, committed 3904K, reserved 1048576K
}
Event: 3.185 GC heap before
{Heap before GC invocations=17 (full 2):
 PSYoungGen      total 23552K, used 21504K [0x00000000eab00000, 0x00000000ec480000, 0x0000000100000000)
  eden space 21504K, 100% used [0x00000000eab00000,0x00000000ec000000,0x00000000ec000000)
  from space 2048K, 0% used [0x00000000ec280000,0x00000000ec280000,0x00000000ec480000)
  to   space 2048K, 0% used [0x00000000ec080000,0x00000000ec080000,0x00000000ec280000)
 ParOldGen       total 68608K, used 23983K [0x00000000c0000000, 0x00000000c4300000, 0x00000000eab00000)
  object space 68608K, 34% used [0x00000000c0000000,0x00000000c176bf10,0x00000000c4300000)
 Metaspace       used 36597K, committed 37248K, reserved 1089536K
  class space    used 3775K, committed 4096K, reserved 1048576K
}
Event: 3.186 GC heap after
{Heap after GC invocations=17 (full 2):
 PSYoungGen      total 22528K, used 630K [0x00000000eab00000, 0x00000000ec300000, 0x0000000100000000)
  eden space 21504K, 0% used [0x00000000eab00000,0x00000000eab00000,0x00000000ec000000)
  from space 1024K, 61% used [0x00000000ec080000,0x00000000ec11dba0,0x00000000ec180000)
  to   space 1536K, 0% used [0x00000000ec180000,0x00000000ec180000,0x00000000ec300000)
 ParOldGen       total 68608K, used 23991K [0x00000000c0000000, 0x00000000c4300000, 0x00000000eab00000)
  object space 68608K, 34% used [0x00000000c0000000,0x00000000c176df10,0x00000000c4300000)
 Metaspace       used 36597K, committed 37248K, reserved 1089536K
  class space    used 3775K, committed 4096K, reserved 1048576K
}
Event: 3.893 GC heap before
{Heap before GC invocations=18 (full 2):
 PSYoungGen      total 22528K, used 22134K [0x00000000eab00000, 0x00000000ec300000, 0x0000000100000000)
  eden space 21504K, 100% used [0x00000000eab00000,0x00000000ec000000,0x00000000ec000000)
  from space 1024K, 61% used [0x00000000ec080000,0x00000000ec11dba0,0x00000000ec180000)
  to   space 1536K, 0% used [0x00000000ec180000,0x00000000ec180000,0x00000000ec300000)
 ParOldGen       total 68608K, used 23991K [0x00000000c0000000, 0x00000000c4300000, 0x00000000eab00000)
  object space 68608K, 34% used [0x00000000c0000000,0x00000000c176df10,0x00000000c4300000)
 Metaspace       used 39675K, committed 40320K, reserved 1089536K
  class space    used 4055K, committed 4352K, reserved 1048576K
}
Event: 3.895 GC heap after
{Heap after GC invocations=18 (full 2):
 PSYoungGen      total 21504K, used 1535K [0x00000000eab00000, 0x00000000ec600000, 0x0000000100000000)
  eden space 19968K, 0% used [0x00000000eab00000,0x00000000eab00000,0x00000000ebe80000)
  from space 1536K, 99% used [0x00000000ec180000,0x00000000ec2ffe90,0x00000000ec300000)
  to   space 3072K, 0% used [0x00000000ebe80000,0x00000000ebe80000,0x00000000ec180000)
 ParOldGen       total 68608K, used 24913K [0x00000000c0000000, 0x00000000c4300000, 0x00000000eab00000)
  object space 68608K, 36% used [0x00000000c0000000,0x00000000c1854450,0x00000000c4300000)
 Metaspace       used 39675K, committed 40320K, reserved 1089536K
  class space    used 4055K, committed 4352K, reserved 1048576K
}
Event: 3.961 GC heap before
{Heap before GC invocations=19 (full 2):
 PSYoungGen      total 21504K, used 21503K [0x00000000eab00000, 0x00000000ec600000, 0x0000000100000000)
  eden space 19968K, 100% used [0x00000000eab00000,0x00000000ebe80000,0x00000000ebe80000)
  from space 1536K, 99% used [0x00000000ec180000,0x00000000ec2ffe90,0x00000000ec300000)
  to   space 3072K, 0% used [0x00000000ebe80000,0x00000000ebe80000,0x00000000ec180000)
 ParOldGen       total 68608K, used 24913K [0x00000000c0000000, 0x00000000c4300000, 0x00000000eab00000)
  object space 68608K, 36% used [0x00000000c0000000,0x00000000c1854450,0x00000000c4300000)
 Metaspace       used 40550K, committed 41280K, reserved 1089536K
  class space    used 4144K, committed 4480K, reserved 1048576K
}
Event: 3.962 GC heap after
{Heap after GC invocations=19 (full 2):
 PSYoungGen      total 20480K, used 224K [0x00000000eab00000, 0x00000000ec200000, 0x0000000100000000)
  eden space 19968K, 0% used [0x00000000eab00000,0x00000000eab00000,0x00000000ebe80000)
  from space 512K, 43% used [0x00000000ebe80000,0x00000000ebeb8000,0x00000000ebf00000)
  to   space 1536K, 0% used [0x00000000ec080000,0x00000000ec080000,0x00000000ec200000)
 ParOldGen       total 68608K, used 25794K [0x00000000c0000000, 0x00000000c4300000, 0x00000000eab00000)
  object space 68608K, 37% used [0x00000000c0000000,0x00000000c1930a10,0x00000000c4300000)
 Metaspace       used 40550K, committed 41280K, reserved 1089536K
  class space    used 4144K, committed 4480K, reserved 1048576K
}

